This is pdfTeXk, Version 3.141592-1.40.3 (Web2C 7.5.6) (format=latex 2009.7.15)  9 JUN 2010 15:09
entering extended mode
 %&-line parsing enabled.
**curve.dtx
(./curve.dtx
LaTeX2e <2005/12/01>
Babel <v3.8h> and hyphenation patterns for english, usenglishmax, dumylang, noh
yphenation, arabic, basque, bulgarian, coptic, welsh, czech, slovak, german, ng
erman, danish, esperanto, spanish, catalan, galician, estonian, farsi, finnish,
 french, greek, monogreek, ancientgreek, croatian, hungarian, interlingua, ibyc
us, indonesian, icelandic, italian, latin, mongolian, dutch, norsk, polish, por
tuguese, pinyin, romanian, russian, slovenian, uppersorbian, serbian, swedish, 
turkish, ukenglish, ukrainian, loaded.
(/usr/share/texmf/tex/latex/base/ltxdoc.cls
Document Class: ltxdoc 1999/08/08 v2.0u Standard LaTeX documentation class
(/usr/share/texmf/tex/latex/base/article.cls
Document Class: article 2005/09/16 v1.4f Standard LaTeX document class
(/usr/share/texmf/tex/latex/base/size10.clo
File: size10.clo 2005/09/16 v1.4f Standard LaTeX file (size option)
)
\c@part=\count79
\c@section=\count80
\c@subsection=\count81
\c@subsubsection=\count82
\c@paragraph=\count83
\c@subparagraph=\count84
\c@figure=\count85
\c@table=\count86
\abovecaptionskip=\skip41
\belowcaptionskip=\skip42
\bibindent=\dimen102
)
(/usr/share/texmf/tex/latex/base/doc.sty
Package: doc 2006/02/02 v2.1d Standard LaTeX documentation package (FMi)
\c@StandardModuleDepth=\count87
\guard@level=\count88
\MacrocodeTopsep=\skip43
\MacroIndent=\dimen103
\macro@cnt=\count89
\MacroTopsep=\skip44
\index@excludelist=\toks14

(/usr/share/texmf/tex/latex/tools/multicol.sty
Package: multicol 2006/05/18 v1.6g multicolumn formatting (FMi)
\c@tracingmulticols=\count90
\mult@box=\box26
\multicol@leftmargin=\dimen104
\c@unbalance=\count91
\c@collectmore=\count92
\doublecol@number=\count93
\multicoltolerance=\count94
\multicolpretolerance=\count95
\full@width=\dimen105
\page@free=\dimen106
\premulticols=\dimen107
\postmulticols=\dimen108
\multicolsep=\skip45
\multicolbaselineskip=\skip46
\partial@page=\box27
\last@line=\box28
\mult@rightbox=\box29
\mult@grightbox=\box30
\mult@gfirstbox=\box31
\mult@firstbox=\box32
\@tempa=\box33
\@tempa=\box34
\@tempa=\box35
\@tempa=\box36
\@tempa=\box37
\@tempa=\box38
\@tempa=\box39
\@tempa=\box40
\@tempa=\box41
\@tempa=\box42
\@tempa=\box43
\@tempa=\box44
\@tempa=\box45
\@tempa=\box46
\@tempa=\box47
\@tempa=\box48
\@tempa=\box49
\c@columnbadness=\count96
\c@finalcolumnbadness=\count97
\last@try=\dimen109
\multicolovershoot=\dimen110
\multicolundershoot=\dimen111
\mult@nat@firstbox=\box50
\colbreak@box=\box51
)
\IndexMin=\dimen112
\c@IndexColumns=\count98
\GlossaryMin=\dimen113
\c@GlossaryColumns=\count99
\check@sum=\count100
\bslash@cnt=\count101
\wrong@table=\toks15
\c@CodelineNo=\count102
)) (./curve.aux)
\openout1 = `curve.aux'.

LaTeX Font Info:    Checking defaults for OML/cmm/m/it on input line 46.
LaTeX Font Info:    ... okay on input line 46.
LaTeX Font Info:    Checking defaults for T1/cmr/m/n on input line 46.
LaTeX Font Info:    ... okay on input line 46.
LaTeX Font Info:    Checking defaults for OT1/cmr/m/n on input line 46.
LaTeX Font Info:    ... okay on input line 46.
LaTeX Font Info:    Checking defaults for OMS/cmsy/m/n on input line 46.
LaTeX Font Info:    ... okay on input line 46.
LaTeX Font Info:    Checking defaults for OMX/cmex/m/n on input line 46.
LaTeX Font Info:    ... okay on input line 46.
LaTeX Font Info:    Checking defaults for U/cmr/m/n on input line 46.
LaTeX Font Info:    ... okay on input line 46.
Package doc Info: Made | a short reference for \verb on input line 46.
 (./curve.dtx
***************************
* Character table correct *
***************************
Package doc Info: | already a short reference for \verb(*) on input line 76.
LaTeX Font Info:    Try loading font information for OT1+ptm on input line 84.
(/usr/share/texmf/tex/latex/psnfss/ot1ptm.fd
File: ot1ptm.fd 2001/06/04 font definitions for OT1/ptm.
)
LaTeX Font Info:    External font `cmex10' loaded for size
(Font)              <17.28> on input line 84.
LaTeX Font Info:    External font `cmex10' loaded for size
(Font)              <12> on input line 84.
LaTeX Font Info:    External font `cmex10' loaded for size
(Font)              <8> on input line 84.
LaTeX Font Info:    External font `cmex10' loaded for size
(Font)              <6> on input line 84.
LaTeX Font Info:    External font `cmex10' loaded for size
(Font)              <5> on input line 84.
LaTeX Font Info:    External font `cmex10' loaded for size
(Font)              <9> on input line 88.
LaTeX Font Info:    Try loading font information for OMS+cmr on input line 97.

(/usr/share/texmf/tex/latex/base/omscmr.fd
File: omscmr.fd 1999/05/25 v2.5h Standard LaTeX font definitions
)
LaTeX Font Info:    Font shape `OMS/cmr/m/n' in size <9> not available
(Font)              Font shape `OMS/cmsy/m/n' tried instead on input line 97.
 [1

]
LaTeX Font Info:    External font `cmex10' loaded for size
(Font)              <7> on input line 132.
LaTeX Font Info:    Font shape `OMS/cmr/m/n' in size <10> not available
(Font)              Font shape `OMS/cmsy/m/n' tried instead on input line 148.

Overfull \hbox (1.74733pt too wide) in paragraph at lines 150--154
[]\OT1/cmtt/m/n/10 \subrubric{\parbox{width}{first blah blah\\next blah blah}} 

 []

[2] [3]

LaTeX Warning: Marginpar on page 4 moved.

[4]

LaTeX Warning: Marginpar on page 5 moved.


LaTeX Warning: Marginpar on page 5 moved.


LaTeX Warning: Marginpar on page 5 moved.


LaTeX Warning: Marginpar on page 5 moved.

[5]
LaTeX Font Info:    Font shape `OT1/cmtt/bx/n' in size <10> not available
(Font)              Font shape `OT1/cmtt/m/n' tried instead on input line 387.
 [6] [7]

LaTeX Warning: Marginpar on page 8 moved.


LaTeX Warning: Marginpar on page 8 moved.


LaTeX Font Warning: Font shape `OT1/cmr/bx/sc' undefined
(Font)              using `OT1/cmr/bx/n' instead on input line 524.

[8]

LaTeX Warning: Marginpar on page 9 moved.


LaTeX Warning: Marginpar on page 9 moved.


LaTeX Warning: Marginpar on page 9 moved.


LaTeX Warning: Marginpar on page 9 moved.


LaTeX Warning: Marginpar on page 9 moved.


LaTeX Warning: Marginpar on page 9 moved.


LaTeX Warning: Marginpar on page 9 moved.


LaTeX Warning: Marginpar on page 9 moved.


LaTeX Warning: Marginpar on page 9 moved.


LaTeX Warning: Marginpar on page 9 moved.


LaTeX Warning: Marginpar on page 9 moved.


LaTeX Warning: Marginpar on page 9 moved.


LaTeX Warning: Marginpar on page 9 moved.

[9]
LaTeX Font Info:    Font shape `OT1/cmtt/bx/n' in size <12> not available
(Font)              Font shape `OT1/cmtt/m/n' tried instead on input line 645.
 [10] [11] [12] [13]
Overfull \hbox (19.48749pt too wide) in paragraph at lines 848--848
 [][]          \OT1/cmtt/m/n/9 You have called \protect\keyalignment\space with
 an invalid value.% 
 []

[14]

LaTeX Warning: Marginpar on page 15 moved.


LaTeX Warning: Marginpar on page 15 moved.


LaTeX Warning: Marginpar on page 15 moved.

[15]
Overfull \hbox (19.48749pt too wide) in paragraph at lines 959--959
 [][]\OT1/cmtt/m/n/9 \def\@subrubric@cl#1{&\multicolumn{2}{@{\@clcccolsep}l@{}}
{\@@subrubric{#1}}} 
 []


Overfull \hbox (19.48749pt too wide) in paragraph at lines 959--959
 [][]\OT1/cmtt/m/n/9 \def\@subrubric@cc#1{&\multicolumn{2}{@{\@clcccolsep}c@{}}
{\@@subrubric{#1}}} 
 []


Overfull \hbox (28.93738pt too wide) in paragraph at lines 959--959
 [][]      \OT1/cmtt/m/n/9 You have called \protect\subrubricalignment\space wi
th an invalid value.% 
 []


LaTeX Warning: Marginpar on page 16 moved.

[16]
Overfull \hbox (28.93738pt too wide) in paragraph at lines 999--999
 [][]\OT1/cmtt/m/n/9 \def\@rubrichead@cl#1{&\multicolumn{2}{@{\@clcccolsep}l@{}
}{\@@rubrichead{#1}}} 
 []


Overfull \hbox (28.93738pt too wide) in paragraph at lines 999--999
 [][]\OT1/cmtt/m/n/9 \def\@rubrichead@cc#1{&\multicolumn{2}{@{\@clcccolsep}c@{}
}{\@@rubrichead{#1}}} 
 []


Overfull \hbox (14.76254pt too wide) in paragraph at lines 999--999
 [][]      \OT1/cmtt/m/n/9 You have called \protect\rubricalignment\space with 
an invalid value.% 
 []


Overfull \hbox (10.0376pt too wide) in paragraph at lines 1047--1047
 [][]      \OT1/cmtt/m/n/9 \gdef\pagebreak{\@nextentry\noalign{\gdef\@nextentry
{}}\in@pagebreak} 
 []


Overfull \hbox (47.83716pt too wide) in paragraph at lines 1047--1047
 [][]      \OT1/cmtt/m/n/9 \gdef\nopagebreak{\@nextentry\noalign{\gdef\@nextent
ry{}}\in@nopagebreak}}}{% 
 []

[17]

LaTeX Warning: Marginpar on page 18 moved.


LaTeX Warning: Marginpar on page 18 moved.

[18]

LaTeX Warning: Marginpar on page 19 moved.


LaTeX Warning: Marginpar on page 19 moved.

[19]

LaTeX Warning: Marginpar on page 20 moved.


LaTeX Warning: Marginpar on page 20 moved.

[20] [21] [22]
Overfull \hbox (14.76254pt too wide) in paragraph at lines 1363--1363
 [][]      \OT1/cmtt/m/n/9 \@sentry[\@biblabel{\ifcurve@revbib\thebibtotal\else
\thebibcount\fi}]% 
 []


Overfull \hbox (0.5877pt too wide) in paragraph at lines 1363--1363
 [][]    \OT1/cmtt/m/n/9 \immediate\write\@auxout{\string\setcounter{bibtotal}{
\thebibcount}}% 
 []

[23] [24] [25]
*******************
* Checksum passed *
*******************
) [26] (./curve.aux)

LaTeX Font Warning: Some font shapes were not available, defaults substituted.

 ) 
Here is how much of TeX's memory you used:
 695 strings out of 256217
 8419 string characters out of 1917095
 60667 words of memory out of 1500000
 4023 multiletter control sequences out of 10000+200000
 17199 words of font info for 52 fonts, out of 1200000 for 2000
 645 hyphenation exceptions out of 8191
 30i,7n,23p,331b,306s stack positions out of 5000i,500n,6000p,200000b,15000s

Output written on curve.dvi (26 pages, 86464 bytes).
